mode: set
github.com/luqman-v1/qbor/qbor.go:40.53,41.27 1 1
github.com/luqman-v1/qbor/qbor.go:52.2,55.3 1 1
github.com/luqman-v1/qbor/qbor.go:41.27,43.17 2 1
github.com/luqman-v1/qbor/qbor.go:43.17,45.35 2 1
github.com/luqman-v1/qbor/qbor.go:45.35,47.5 1 0
github.com/luqman-v1/qbor/qbor.go:48.9,50.4 1 0
github.com/luqman-v1/qbor/qbor.go:59.49,61.29 2 1
github.com/luqman-v1/qbor/qbor.go:66.2,73.33 6 1
github.com/luqman-v1/qbor/qbor.go:61.29,64.3 2 1
github.com/luqman-v1/qbor/qbor.go:76.61,83.2 4 1
github.com/luqman-v1/qbor/qbor.go:85.62,87.20 2 1
github.com/luqman-v1/qbor/qbor.go:91.2,94.37 4 1
github.com/luqman-v1/qbor/qbor.go:97.2,100.27 3 1
github.com/luqman-v1/qbor/qbor.go:87.20,89.3 1 1
github.com/luqman-v1/qbor/qbor.go:94.37,96.3 1 1
github.com/luqman-v1/qbor/qbor.go:100.27,102.14 1 1
github.com/luqman-v1/qbor/qbor.go:104.46,106.32 1 1
github.com/luqman-v1/qbor/qbor.go:108.44,111.10 2 1
github.com/luqman-v1/qbor/qbor.go:116.39,117.39 1 1
github.com/luqman-v1/qbor/qbor.go:119.11,122.10 2 1
github.com/luqman-v1/qbor/qbor.go:111.10,114.5 2 1
github.com/luqman-v1/qbor/qbor.go:122.10,124.5 1 0
github.com/luqman-v1/qbor/qbor.go:124.10,127.5 2 1
github.com/luqman-v1/qbor/qbor.go:129.8,131.3 1 1
github.com/luqman-v1/qbor/qbor.go:134.63,137.2 2 1
github.com/luqman-v1/qbor/qbor.go:139.66,142.18 2 1
github.com/luqman-v1/qbor/qbor.go:143.21,144.37 1 1
github.com/luqman-v1/qbor/qbor.go:145.22,146.42 1 1
github.com/luqman-v1/qbor/qbor.go:147.19,148.35 1 0
github.com/luqman-v1/qbor/qbor.go:149.21,150.37 1 0
github.com/luqman-v1/qbor/qbor.go:151.21,152.37 1 0
github.com/luqman-v1/qbor/qbor.go:153.23,154.41 1 0
github.com/luqman-v1/qbor/qbor.go:155.23,156.41 1 0
github.com/luqman-v1/qbor/qbor.go:157.10,158.32 1 0
github.com/luqman-v1/qbor/qbor.go:162.56,164.38 2 1
github.com/luqman-v1/qbor/qbor.go:170.2,170.19 1 1
github.com/luqman-v1/qbor/qbor.go:164.38,166.27 2 0
github.com/luqman-v1/qbor/qbor.go:166.27,168.4 1 0
github.com/luqman-v1/qbor/qbor.go:173.72,174.23 1 1
github.com/luqman-v1/qbor/qbor.go:177.2,177.91 1 1
github.com/luqman-v1/qbor/qbor.go:174.23,176.3 1 1
github.com/luqman-v1/qbor/qbor.go:180.57,182.2 1 1
github.com/luqman-v1/qbor/qbor.go:185.34,187.2 1 1
github.com/luqman-v1/qbor/qbor.go:189.52,191.8 2 1
github.com/luqman-v1/qbor/qbor.go:194.2,194.12 1 1
github.com/luqman-v1/qbor/qbor.go:191.8,193.3 1 0
github.com/luqman-v1/qbor/qbor.go:197.70,200.2 2 1
github.com/luqman-v1/qbor/qbor.go:202.96,203.27 1 1
github.com/luqman-v1/qbor/qbor.go:203.27,205.18 2 1
github.com/luqman-v1/qbor/qbor.go:205.18,207.33 2 1
github.com/luqman-v1/qbor/qbor.go:211.4,211.79 1 1
github.com/luqman-v1/qbor/qbor.go:207.33,210.5 2 1
github.com/luqman-v1/qbor/qbor.go:212.9,215.4 2 0
github.com/luqman-v1/qbor/qbor.go:216.8,216.36 1 0
github.com/luqman-v1/qbor/qbor.go:216.36,219.3 2 0
github.com/luqman-v1/qbor/qbor.go:219.8,222.3 2 0
github.com/luqman-v1/qbor/qbor.go:225.52,226.31 1 1
github.com/luqman-v1/qbor/qbor.go:227.19,228.48 1 0
github.com/luqman-v1/qbor/qbor.go:229.21,230.48 1 0
github.com/luqman-v1/qbor/qbor.go:231.21,232.48 1 0
github.com/luqman-v1/qbor/qbor.go:233.23,234.50 1 0
github.com/luqman-v1/qbor/qbor.go:235.23,236.50 1 0
github.com/luqman-v1/qbor/qbor.go:237.10,238.51 1 1
github.com/luqman-v1/qbor/qbor.go:247.43,248.19 1 1
github.com/luqman-v1/qbor/qbor.go:266.2,266.10 1 0
github.com/luqman-v1/qbor/qbor.go:248.19,251.27 3 1
github.com/luqman-v1/qbor/qbor.go:263.3,264.11 2 1
github.com/luqman-v1/qbor/qbor.go:251.27,252.33 1 1
github.com/luqman-v1/qbor/qbor.go:255.4,255.40 1 1
github.com/luqman-v1/qbor/qbor.go:261.4,261.65 1 1
github.com/luqman-v1/qbor/qbor.go:252.33,254.5 1 0
github.com/luqman-v1/qbor/qbor.go:255.40,256.36 1 1
github.com/luqman-v1/qbor/qbor.go:259.5,259.17 1 1
github.com/luqman-v1/qbor/qbor.go:256.36,258.6 1 1
github.com/luqman-v1/qbor/qbor.go:270.43,274.2 3 1
github.com/luqman-v1/qbor/qbor.go:277.45,281.2 3 1
github.com/luqman-v1/qbor/qbor.go:287.69,288.15 1 1
github.com/luqman-v1/qbor/qbor.go:292.2,292.16 1 1
github.com/luqman-v1/qbor/qbor.go:296.2,298.10 3 1
github.com/luqman-v1/qbor/qbor.go:288.15,290.3 1 0
github.com/luqman-v1/qbor/qbor.go:292.16,294.3 1 0
github.com/luqman-v1/qbor/qbor.go:303.55,307.2 3 1
github.com/luqman-v1/qbor/qbor.go:312.61,313.16 1 1
github.com/luqman-v1/qbor/qbor.go:316.2,318.10 3 1
github.com/luqman-v1/qbor/qbor.go:313.16,315.3 1 0
